<?xml version="1.0" encoding="UTF-8"?>
<!-- Generated by org.testng.reporters.JUnitXMLReporter -->
<testsuite ignored="0" hostname="LAPTOP-QKHIEM9U" failures="0" tests="3" name="Test" time="9.548" errors="0" timestamp="2024-06-15T18:19:08 IST">
  <testcase classname="testCases.Create_Acoount" name="ClickcreateAccount" time="1.861"/>
  <testcase classname="testCases.Create_Acoount" name="EnterFirstName" time="0.096"/>
  <testcase classname="testCases.Create_Acoount" name="EnterLastName" time="0.092"/>
</testsuite> <!-- Test -->
