<?xml version="1.0" encoding="UTF-8"?>
<testng-results ignored="0" total="7" passed="7" failed="0" skipped="0">
  <reporter-output>
  </reporter-output>
  <suite started-at="2024-06-15T21:31:34 IST" name="Default suite" finished-at="2024-06-15T21:31:54 IST" duration-ms="20482">
    <groups>
    </groups>
    <test started-at="2024-06-15T21:31:34 IST" name="Default test" finished-at="2024-06-15T21:31:54 IST" duration-ms="20482">
      <class name="testCases.Create_Acoount">
        <test-method is-config="true" signature="setupMethod()[pri:0, instance:testCases.Create_Acoount@247310d0]" started-at="2024-06-15T21:31:34 IST" name="setupMethod" finished-at="2024-06-15T21:31:50 IST" duration-ms="16326" status="PASS">
          <reporter-output>
          </reporter-output>
        </test-method> <!-- setupMethod -->
        <test-method signature="ClickcreateAccount()[pri:0, instance:testCases.Create_Acoount@247310d0]" started-at="2024-06-15T21:31:50 IST" name="ClickcreateAccount" finished-at="2024-06-15T21:31:53 IST" duration-ms="3069" status="PASS">
          <reporter-output>
          </reporter-output>
        </test-method> <!-- ClickcreateAccount -->
        <test-method signature="ConfirmCreateAccount()[pri:0, instance:testCases.Create_Acoount@247310d0]" started-at="2024-06-15T21:31:53 IST" name="ConfirmCreateAccount" finished-at="2024-06-15T21:31:53 IST" duration-ms="149" status="PASS">
          <reporter-output>
          </reporter-output>
        </test-method> <!-- ConfirmCreateAccount -->
        <test-method signature="ConfirmPassword()[pri:0, instance:testCases.Create_Acoount@247310d0]" started-at="2024-06-15T21:31:53 IST" name="ConfirmPassword" finished-at="2024-06-15T21:31:53 IST" duration-ms="114" status="PASS">
          <reporter-output>
          </reporter-output>
        </test-method> <!-- ConfirmPassword -->
        <test-method signature="EnterEmail()[pri:0, instance:testCases.Create_Acoount@247310d0]" started-at="2024-06-15T21:31:53 IST" name="EnterEmail" finished-at="2024-06-15T21:31:54 IST" duration-ms="161" status="PASS">
          <reporter-output>
          </reporter-output>
        </test-method> <!-- EnterEmail -->
        <test-method signature="EnterFirstName()[pri:0, instance:testCases.Create_Acoount@247310d0]" started-at="2024-06-15T21:31:54 IST" name="EnterFirstName" finished-at="2024-06-15T21:31:54 IST" duration-ms="111" status="PASS">
          <reporter-output>
          </reporter-output>
        </test-method> <!-- EnterFirstName -->
        <test-method signature="EnterLastName()[pri:0, instance:testCases.Create_Acoount@247310d0]" started-at="2024-06-15T21:31:54 IST" name="EnterLastName" finished-at="2024-06-15T21:31:54 IST" duration-ms="93" status="PASS">
          <reporter-output>
          </reporter-output>
        </test-method> <!-- EnterLastName -->
        <test-method signature="EnterPassword()[pri:0, instance:testCases.Create_Acoount@247310d0]" started-at="2024-06-15T21:31:54 IST" name="EnterPassword" finished-at="2024-06-15T21:31:54 IST" duration-ms="130" status="PASS">
          <reporter-output>
          </reporter-output>
        </test-method> <!-- EnterPassword -->
        <test-method is-config="true" signature="teardownMethod()[pri:0, instance:testCases.Create_Acoount@247310d0]" started-at="2024-06-15T21:31:54 IST" name="teardownMethod" finished-at="2024-06-15T21:31:54 IST" duration-ms="233" status="PASS">
          <reporter-output>
          </reporter-output>
        </test-method> <!-- teardownMethod -->
      </class> <!-- testCases.Create_Acoount -->
    </test> <!-- Default test -->
  </suite> <!-- Default suite -->
</testng-results>
